<?xml version="1.0" encoding="UTF-8"?>
<testsuite xmlns:xsi="http://www.w3.org/2001/XMLSchema-instance" xsi:noNamespaceSchemaLocation="https://maven.apache.org/surefire/maven-surefire-plugin/xsd/surefire-test-report.xsd" name="com.demo.application.imagesharing.AppTest" time="0.013" tests="1" errors="0" skipped="0" failures="0">
  <properties>
    <property name="gopherProxySet" value="false"/>
    <property name="awt.toolkit" value="sun.lwawt.macosx.LWCToolkit"/>
    <property name="file.encoding.pkg" value="sun.io"/>
    <property name="java.specification.version" value="1.8"/>
    <property name="sun.cpu.isalist" value=""/>
    <property name="sun.jnu.encoding" value="UTF-8"/>
    <property name="java.class.path" value="/Users/aramu/GIT/MyGit/Mar24_ImageSharing/imagesharing/target/test-classes:/Users/aramu/GIT/MyGit/Mar24_ImageSharing/imagesharing/target/classes:/Users/aramu/.m2/raptor2/org/springframework/boot/spring-boot-starter-web/2.0.5.RELEASE/spring-boot-starter-web-2.0.5.RELEASE.jar:/Users/aramu/.m2/raptor2/org/springframework/boot/spring-boot-starter/2.0.5.RELEASE/spring-boot-starter-2.0.5.RELEASE.jar:/Users/aramu/.m2/raptor2/org/springframework/boot/spring-boot/2.0.5.RELEASE/spring-boot-2.0.5.RELEASE.jar:/Users/aramu/.m2/raptor2/org/springframework/boot/spring-boot-autoconfigure/2.0.5.RELEASE/spring-boot-autoconfigure-2.0.5.RELEASE.jar:/Users/aramu/.m2/raptor2/org/springframework/boot/spring-boot-starter-logging/2.0.5.RELEASE/spring-boot-starter-logging-2.0.5.RELEASE.jar:/Users/aramu/.m2/raptor2/ch/qos/logback/logback-classic/1.2.3/logback-classic-1.2.3.jar:/Users/aramu/.m2/raptor2/ch/qos/logback/logback-core/1.2.3/logback-core-1.2.3.jar:/Users/aramu/.m2/raptor2/org/apache/logging/log4j/log4j-to-slf4j/2.10.0/log4j-to-slf4j-2.10.0.jar:/Users/aramu/.m2/raptor2/org/apache/logging/log4j/log4j-api/2.10.0/log4j-api-2.10.0.jar:/Users/aramu/.m2/raptor2/org/slf4j/jul-to-slf4j/1.7.25/jul-to-slf4j-1.7.25.jar:/Users/aramu/.m2/raptor2/javax/annotation/javax.annotation-api/1.3.2/javax.annotation-api-1.3.2.jar:/Users/aramu/.m2/raptor2/org/springframework/spring-core/5.0.9.RELEASE/spring-core-5.0.9.RELEASE.jar:/Users/aramu/.m2/raptor2/org/springframework/spring-jcl/5.0.9.RELEASE/spring-jcl-5.0.9.RELEASE.jar:/Users/aramu/.m2/raptor2/org/yaml/snakeyaml/1.19/snakeyaml-1.19.jar:/Users/aramu/.m2/raptor2/org/springframework/boot/spring-boot-starter-json/2.0.5.RELEASE/spring-boot-starter-json-2.0.5.RELEASE.jar:/Users/aramu/.m2/raptor2/com/fasterxml/jackson/core/jackson-databind/2.9.6/jackson-databind-2.9.6.jar:/Users/aramu/.m2/raptor2/com/fasterxml/jackson/core/jackson-core/2.9.6/jackson-core-2.9.6.jar:/Users/aramu/.m2/raptor2/com/fasterxml/jackson/datatype/jackson-datatype-jdk8/2.9.6/jackson-datatype-jdk8-2.9.6.jar:/Users/aramu/.m2/raptor2/com/fasterxml/jackson/datatype/jackson-datatype-jsr310/2.9.6/jackson-datatype-jsr310-2.9.6.jar:/Users/aramu/.m2/raptor2/com/fasterxml/jackson/module/jackson-module-parameter-names/2.9.6/jackson-module-parameter-names-2.9.6.jar:/Users/aramu/.m2/raptor2/org/springframework/boot/spring-boot-starter-tomcat/2.0.5.RELEASE/spring-boot-starter-tomcat-2.0.5.RELEASE.jar:/Users/aramu/.m2/raptor2/org/apache/tomcat/embed/tomcat-embed-core/8.5.34/tomcat-embed-core-8.5.34.jar:/Users/aramu/.m2/raptor2/org/apache/tomcat/embed/tomcat-embed-el/8.5.34/tomcat-embed-el-8.5.34.jar:/Users/aramu/.m2/raptor2/org/apache/tomcat/embed/tomcat-embed-websocket/8.5.34/tomcat-embed-websocket-8.5.34.jar:/Users/aramu/.m2/raptor2/org/hibernate/validator/hibernate-validator/6.0.12.Final/hibernate-validator-6.0.12.Final.jar:/Users/aramu/.m2/raptor2/javax/validation/validation-api/2.0.1.Final/validation-api-2.0.1.Final.jar:/Users/aramu/.m2/raptor2/org/jboss/logging/jboss-logging/3.3.2.Final/jboss-logging-3.3.2.Final.jar:/Users/aramu/.m2/raptor2/org/springframework/spring-web/5.0.9.RELEASE/spring-web-5.0.9.RELEASE.jar:/Users/aramu/.m2/raptor2/org/springframework/spring-beans/5.0.9.RELEASE/spring-beans-5.0.9.RELEASE.jar:/Users/aramu/.m2/raptor2/org/springframework/spring-webmvc/5.0.9.RELEASE/spring-webmvc-5.0.9.RELEASE.jar:/Users/aramu/.m2/raptor2/org/springframework/spring-aop/5.0.9.RELEASE/spring-aop-5.0.9.RELEASE.jar:/Users/aramu/.m2/raptor2/org/springframework/spring-context/5.0.9.RELEASE/spring-context-5.0.9.RELEASE.jar:/Users/aramu/.m2/raptor2/org/springframework/spring-expression/5.0.9.RELEASE/spring-expression-5.0.9.RELEASE.jar:/Users/aramu/.m2/raptor2/junit/junit/4.11/junit-4.11.jar:/Users/aramu/.m2/raptor2/org/hamcrest/hamcrest-core/1.3/hamcrest-core-1.3.jar:/Users/aramu/.m2/raptor2/org/mockito/mockito-all/1.9.5/mockito-all-1.9.5.jar:/Users/aramu/.m2/raptor2/com/google/code/gson/gson/2.8.0/gson-2.8.0.jar:/Users/aramu/.m2/raptor2/io/springfox/springfox-swagger2/2.6.1/springfox-swagger2-2.6.1.jar:/Users/aramu/.m2/raptor2/io/swagger/swagger-annotations/1.5.10/swagger-annotations-1.5.10.jar:/Users/aramu/.m2/raptor2/io/swagger/swagger-models/1.5.10/swagger-models-1.5.10.jar:/Users/aramu/.m2/raptor2/com/fasterxml/jackson/core/jackson-annotations/2.9.0/jackson-annotations-2.9.0.jar:/Users/aramu/.m2/raptor2/io/springfox/springfox-spi/2.6.1/springfox-spi-2.6.1.jar:/Users/aramu/.m2/raptor2/io/springfox/springfox-core/2.6.1/springfox-core-2.6.1.jar:/Users/aramu/.m2/raptor2/io/springfox/springfox-schema/2.6.1/springfox-schema-2.6.1.jar:/Users/aramu/.m2/raptor2/io/springfox/springfox-swagger-common/2.6.1/springfox-swagger-common-2.6.1.jar:/Users/aramu/.m2/raptor2/io/springfox/springfox-spring-web/2.6.1/springfox-spring-web-2.6.1.jar:/Users/aramu/.m2/raptor2/com/google/guava/guava/18.0/guava-18.0.jar:/Users/aramu/.m2/raptor2/com/fasterxml/classmate/1.3.4/classmate-1.3.4.jar:/Users/aramu/.m2/raptor2/org/slf4j/slf4j-api/1.7.25/slf4j-api-1.7.25.jar:/Users/aramu/.m2/raptor2/org/springframework/plugin/spring-plugin-core/1.2.0.RELEASE/spring-plugin-core-1.2.0.RELEASE.jar:/Users/aramu/.m2/raptor2/org/springframework/plugin/spring-plugin-metadata/1.2.0.RELEASE/spring-plugin-metadata-1.2.0.RELEASE.jar:/Users/aramu/.m2/raptor2/org/mapstruct/mapstruct/1.0.0.Final/mapstruct-1.0.0.Final.jar:/Users/aramu/.m2/raptor2/io/springfox/springfox-swagger-ui/2.6.1/springfox-swagger-ui-2.6.1.jar:"/>
    <property name="java.vm.vendor" value="Oracle Corporation"/>
    <property name="sun.arch.data.model" value="64"/>
    <property name="java.vendor.url" value="http://java.oracle.com/"/>
    <property name="user.timezone" value=""/>
    <property name="java.vm.specification.version" value="1.8"/>
    <property name="os.name" value="Mac OS X"/>
    <property name="user.country" value="US"/>
    <property name="sun.java.launcher" value="SUN_STANDARD"/>
    <property name="sun.boot.library.path" value="/Library/Java/JavaVirtualMachines/jdk1.8.0_181.jdk/Contents/Home/jre/lib"/>
    <property name="sun.java.command" value="/Users/aramu/GIT/MyGit/Mar24_ImageSharing/imagesharing/target/surefire/surefirebooter7101353828332023438.jar /Users/aramu/GIT/MyGit/Mar24_ImageSharing/imagesharing/target/surefire 2019-03-25T00-57-19_599-jvmRun1 surefire2290308736389631108tmp surefire_0787563306656701841tmp"/>
    <property name="surefire.test.class.path" value="/Users/aramu/GIT/MyGit/Mar24_ImageSharing/imagesharing/target/test-classes:/Users/aramu/GIT/MyGit/Mar24_ImageSharing/imagesharing/target/classes:/Users/aramu/.m2/raptor2/org/springframework/boot/spring-boot-starter-web/2.0.5.RELEASE/spring-boot-starter-web-2.0.5.RELEASE.jar:/Users/aramu/.m2/raptor2/org/springframework/boot/spring-boot-starter/2.0.5.RELEASE/spring-boot-starter-2.0.5.RELEASE.jar:/Users/aramu/.m2/raptor2/org/springframework/boot/spring-boot/2.0.5.RELEASE/spring-boot-2.0.5.RELEASE.jar:/Users/aramu/.m2/raptor2/org/springframework/boot/spring-boot-autoconfigure/2.0.5.RELEASE/spring-boot-autoconfigure-2.0.5.RELEASE.jar:/Users/aramu/.m2/raptor2/org/springframework/boot/spring-boot-starter-logging/2.0.5.RELEASE/spring-boot-starter-logging-2.0.5.RELEASE.jar:/Users/aramu/.m2/raptor2/ch/qos/logback/logback-classic/1.2.3/logback-classic-1.2.3.jar:/Users/aramu/.m2/raptor2/ch/qos/logback/logback-core/1.2.3/logback-core-1.2.3.jar:/Users/aramu/.m2/raptor2/org/apache/logging/log4j/log4j-to-slf4j/2.10.0/log4j-to-slf4j-2.10.0.jar:/Users/aramu/.m2/raptor2/org/apache/logging/log4j/log4j-api/2.10.0/log4j-api-2.10.0.jar:/Users/aramu/.m2/raptor2/org/slf4j/jul-to-slf4j/1.7.25/jul-to-slf4j-1.7.25.jar:/Users/aramu/.m2/raptor2/javax/annotation/javax.annotation-api/1.3.2/javax.annotation-api-1.3.2.jar:/Users/aramu/.m2/raptor2/org/springframework/spring-core/5.0.9.RELEASE/spring-core-5.0.9.RELEASE.jar:/Users/aramu/.m2/raptor2/org/springframework/spring-jcl/5.0.9.RELEASE/spring-jcl-5.0.9.RELEASE.jar:/Users/aramu/.m2/raptor2/org/yaml/snakeyaml/1.19/snakeyaml-1.19.jar:/Users/aramu/.m2/raptor2/org/springframework/boot/spring-boot-starter-json/2.0.5.RELEASE/spring-boot-starter-json-2.0.5.RELEASE.jar:/Users/aramu/.m2/raptor2/com/fasterxml/jackson/core/jackson-databind/2.9.6/jackson-databind-2.9.6.jar:/Users/aramu/.m2/raptor2/com/fasterxml/jackson/core/jackson-core/2.9.6/jackson-core-2.9.6.jar:/Users/aramu/.m2/raptor2/com/fasterxml/jackson/datatype/jackson-datatype-jdk8/2.9.6/jackson-datatype-jdk8-2.9.6.jar:/Users/aramu/.m2/raptor2/com/fasterxml/jackson/datatype/jackson-datatype-jsr310/2.9.6/jackson-datatype-jsr310-2.9.6.jar:/Users/aramu/.m2/raptor2/com/fasterxml/jackson/module/jackson-module-parameter-names/2.9.6/jackson-module-parameter-names-2.9.6.jar:/Users/aramu/.m2/raptor2/org/springframework/boot/spring-boot-starter-tomcat/2.0.5.RELEASE/spring-boot-starter-tomcat-2.0.5.RELEASE.jar:/Users/aramu/.m2/raptor2/org/apache/tomcat/embed/tomcat-embed-core/8.5.34/tomcat-embed-core-8.5.34.jar:/Users/aramu/.m2/raptor2/org/apache/tomcat/embed/tomcat-embed-el/8.5.34/tomcat-embed-el-8.5.34.jar:/Users/aramu/.m2/raptor2/org/apache/tomcat/embed/tomcat-embed-websocket/8.5.34/tomcat-embed-websocket-8.5.34.jar:/Users/aramu/.m2/raptor2/org/hibernate/validator/hibernate-validator/6.0.12.Final/hibernate-validator-6.0.12.Final.jar:/Users/aramu/.m2/raptor2/javax/validation/validation-api/2.0.1.Final/validation-api-2.0.1.Final.jar:/Users/aramu/.m2/raptor2/org/jboss/logging/jboss-logging/3.3.2.Final/jboss-logging-3.3.2.Final.jar:/Users/aramu/.m2/raptor2/org/springframework/spring-web/5.0.9.RELEASE/spring-web-5.0.9.RELEASE.jar:/Users/aramu/.m2/raptor2/org/springframework/spring-beans/5.0.9.RELEASE/spring-beans-5.0.9.RELEASE.jar:/Users/aramu/.m2/raptor2/org/springframework/spring-webmvc/5.0.9.RELEASE/spring-webmvc-5.0.9.RELEASE.jar:/Users/aramu/.m2/raptor2/org/springframework/spring-aop/5.0.9.RELEASE/spring-aop-5.0.9.RELEASE.jar:/Users/aramu/.m2/raptor2/org/springframework/spring-context/5.0.9.RELEASE/spring-context-5.0.9.RELEASE.jar:/Users/aramu/.m2/raptor2/org/springframework/spring-expression/5.0.9.RELEASE/spring-expression-5.0.9.RELEASE.jar:/Users/aramu/.m2/raptor2/junit/junit/4.11/junit-4.11.jar:/Users/aramu/.m2/raptor2/org/hamcrest/hamcrest-core/1.3/hamcrest-core-1.3.jar:/Users/aramu/.m2/raptor2/org/mockito/mockito-all/1.9.5/mockito-all-1.9.5.jar:/Users/aramu/.m2/raptor2/com/google/code/gson/gson/2.8.0/gson-2.8.0.jar:/Users/aramu/.m2/raptor2/io/springfox/springfox-swagger2/2.6.1/springfox-swagger2-2.6.1.jar:/Users/aramu/.m2/raptor2/io/swagger/swagger-annotations/1.5.10/swagger-annotations-1.5.10.jar:/Users/aramu/.m2/raptor2/io/swagger/swagger-models/1.5.10/swagger-models-1.5.10.jar:/Users/aramu/.m2/raptor2/com/fasterxml/jackson/core/jackson-annotations/2.9.0/jackson-annotations-2.9.0.jar:/Users/aramu/.m2/raptor2/io/springfox/springfox-spi/2.6.1/springfox-spi-2.6.1.jar:/Users/aramu/.m2/raptor2/io/springfox/springfox-core/2.6.1/springfox-core-2.6.1.jar:/Users/aramu/.m2/raptor2/io/springfox/springfox-schema/2.6.1/springfox-schema-2.6.1.jar:/Users/aramu/.m2/raptor2/io/springfox/springfox-swagger-common/2.6.1/springfox-swagger-common-2.6.1.jar:/Users/aramu/.m2/raptor2/io/springfox/springfox-spring-web/2.6.1/springfox-spring-web-2.6.1.jar:/Users/aramu/.m2/raptor2/com/google/guava/guava/18.0/guava-18.0.jar:/Users/aramu/.m2/raptor2/com/fasterxml/classmate/1.3.4/classmate-1.3.4.jar:/Users/aramu/.m2/raptor2/org/slf4j/slf4j-api/1.7.25/slf4j-api-1.7.25.jar:/Users/aramu/.m2/raptor2/org/springframework/plugin/spring-plugin-core/1.2.0.RELEASE/spring-plugin-core-1.2.0.RELEASE.jar:/Users/aramu/.m2/raptor2/org/springframework/plugin/spring-plugin-metadata/1.2.0.RELEASE/spring-plugin-metadata-1.2.0.RELEASE.jar:/Users/aramu/.m2/raptor2/org/mapstruct/mapstruct/1.0.0.Final/mapstruct-1.0.0.Final.jar:/Users/aramu/.m2/raptor2/io/springfox/springfox-swagger-ui/2.6.1/springfox-swagger-ui-2.6.1.jar:"/>
    <property name="sun.cpu.endian" value="little"/>
    <property name="user.home" value="/Users/aramu"/>
    <property name="user.language" value="en"/>
    <property name="java.specification.vendor" value="Oracle Corporation"/>
    <property name="java.home" value="/Library/Java/JavaVirtualMachines/jdk1.8.0_181.jdk/Contents/Home/jre"/>
    <property name="basedir" value="/Users/aramu/GIT/MyGit/Mar24_ImageSharing/imagesharing"/>
    <property name="file.separator" value="/"/>
    <property name="line.separator" value="&#10;"/>
    <property name="java.vm.specification.vendor" value="Oracle Corporation"/>
    <property name="java.specification.name" value="Java Platform API Specification"/>
    <property name="java.awt.graphicsenv" value="sun.awt.CGraphicsEnvironment"/>
    <property name="surefire.real.class.path" value="/Users/aramu/GIT/MyGit/Mar24_ImageSharing/imagesharing/target/surefire/surefirebooter7101353828332023438.jar"/>
    <property name="sun.boot.class.path" value="/Library/Java/JavaVirtualMachines/jdk1.8.0_181.jdk/Contents/Home/jre/lib/resources.jar:/Library/Java/JavaVirtualMachines/jdk1.8.0_181.jdk/Contents/Home/jre/lib/rt.jar:/Library/Java/JavaVirtualMachines/jdk1.8.0_181.jdk/Contents/Home/jre/lib/sunrsasign.jar:/Library/Java/JavaVirtualMachines/jdk1.8.0_181.jdk/Contents/Home/jre/lib/jsse.jar:/Library/Java/JavaVirtualMachines/jdk1.8.0_181.jdk/Contents/Home/jre/lib/jce.jar:/Library/Java/JavaVirtualMachines/jdk1.8.0_181.jdk/Contents/Home/jre/lib/charsets.jar:/Library/Java/JavaVirtualMachines/jdk1.8.0_181.jdk/Contents/Home/jre/lib/jfr.jar:/Library/Java/JavaVirtualMachines/jdk1.8.0_181.jdk/Contents/Home/jre/classes"/>
    <property name="sun.management.compiler" value="HotSpot 64-Bit Tiered Compilers"/>
    <property name="java.runtime.version" value="1.8.0_181-b13"/>
    <property name="user.name" value="aramu"/>
    <property name="path.separator" value=":"/>
    <property name="os.version" value="10.13.6"/>
    <property name="java.endorsed.dirs" value="/Library/Java/JavaVirtualMachines/jdk1.8.0_181.jdk/Contents/Home/jre/lib/endorsed"/>
    <property name="java.runtime.name" value="Java(TM) SE Runtime Environment"/>
    <property name="file.encoding" value="UTF-8"/>
    <property name="java.vm.name" value="Java HotSpot(TM) 64-Bit Server VM"/>
    <property name="localRepository" value="/Users/aramu/.m2/raptor2"/>
    <property name="java.vendor.url.bug" value="http://bugreport.sun.com/bugreport/"/>
    <property name="java.io.tmpdir" value="/var/folders/gq/30dwcbr9799bdwfwwppm_s2439c7v1/T/"/>
    <property name="java.version" value="1.8.0_181"/>
    <property name="user.dir" value="/Users/aramu/GIT/MyGit/Mar24_ImageSharing/imagesharing"/>
    <property name="os.arch" value="x86_64"/>
    <property name="java.vm.specification.name" value="Java Virtual Machine Specification"/>
    <property name="java.awt.printerjob" value="sun.lwawt.macosx.CPrinterJob"/>
    <property name="sun.os.patch.level" value="unknown"/>
    <property name="java.library.path" value="/Users/aramu/Library/Java/Extensions:/Library/Java/Extensions:/Network/Library/Java/Extensions:/System/Library/Java/Extensions:/usr/lib/java:."/>
    <property name="java.vm.info" value="mixed mode"/>
    <property name="java.vendor" value="Oracle Corporation"/>
    <property name="java.vm.version" value="25.181-b13"/>
    <property name="java.ext.dirs" value="/Users/aramu/Library/Java/Extensions:/Library/Java/JavaVirtualMachines/jdk1.8.0_181.jdk/Contents/Home/jre/lib/ext:/Library/Java/Extensions:/Network/Library/Java/Extensions:/System/Library/Java/Extensions:/usr/lib/java"/>
    <property name="sun.io.unicode.encoding" value="UnicodeBig"/>
    <property name="java.class.version" value="52.0"/>
  </properties>
  <testcase name="testApp" classname="com.demo.application.imagesharing.AppTest" time="0.001"/>
</testsuite>